{"/Users/ayushgupta/Namaste_React/src/components/Contact.js": {"path":"/Users/ayushgupta/Namaste_React/src/components/Contact.js","statementMap":{"0":{"start":{"line":3,"column":16},"end":{"line":15,"column":1}},"1":{"start":{"line":4,"column":2},"end":{"line":14,"column":3}}},"fnMap":{"0":{"name":"(anonymous_0)","decl":{"start":{"line":3,"column":16},"end":{"line":3,"column":17}},"loc":{"start":{"line":3,"column":22},"end":{"line":15,"column":1}},"line":3}},"branchMap":{},"s":{"0":1,"1":5},"f":{"0":5},"b":{},"_coverageSchema":"1a1c01bbd47fc00a2c39e90264f33305004495a9","hash":"c67ed0ce63c1bf6b9ffe9a2a38f288a26c1c49f0"}
,"/Users/ayushgupta/Namaste_React/src/components/Header.js": {"path":"/Users/ayushgupta/Namaste_React/src/components/Header.js","statementMap":{"0":{"start":{"line":8,"column":15},"end":{"line":59,"column":1}},"1":{"start":{"line":9,"column":23},"end":{"line":9,"column":40}},"2":{"start":{"line":11,"column":27},"end":{"line":11,"column":50}},"3":{"start":{"line":13,"column":20},"end":{"line":13,"column":60}},"4":{"start":{"line":13,"column":43},"end":{"line":13,"column":59}},"5":{"start":{"line":16,"column":32},"end":{"line":16,"column":49}},"6":{"start":{"line":18,"column":2},"end":{"line":58,"column":4}},"7":{"start":{"line":48,"column":14},"end":{"line":48,"column":79}}},"fnMap":{"0":{"name":"(anonymous_0)","decl":{"start":{"line":8,"column":15},"end":{"line":8,"column":16}},"loc":{"start":{"line":8,"column":21},"end":{"line":59,"column":1}},"line":8},"1":{"name":"(anonymous_1)","decl":{"start":{"line":13,"column":32},"end":{"line":13,"column":33}},"loc":{"start":{"line":13,"column":43},"end":{"line":13,"column":59}},"line":13},"2":{"name":"(anonymous_2)","decl":{"start":{"line":47,"column":21},"end":{"line":47,"column":22}},"loc":{"start":{"line":47,"column":27},"end":{"line":49,"column":13}},"line":47}},"branchMap":{"0":{"loc":{"start":{"line":27,"column":13},"end":{"line":27,"column":37}},"type":"cond-expr","locations":[{"start":{"line":27,"column":28},"end":{"line":27,"column":31}},{"start":{"line":27,"column":34},"end":{"line":27,"column":37}}],"line":27},"1":{"loc":{"start":{"line":48,"column":14},"end":{"line":48,"column":78}},"type":"cond-expr","locations":[{"start":{"line":48,"column":36},"end":{"line":48,"column":56}},{"start":{"line":48,"column":59},"end":{"line":48,"column":78}}],"line":48}},"s":{"0":1,"1":6,"2":6,"3":6,"4":11,"5":6,"6":6,"7":1},"f":{"0":6,"1":11,"2":1},"b":{"0":[6,0],"1":[1,0]},"_coverageSchema":"1a1c01bbd47fc00a2c39e90264f33305004495a9","hash":"4ffb4cf96868826a5f64e1fb7dd54a0ec033b0b6"}
,"/Users/ayushgupta/Namaste_React/src/components/ResturantCard.js": {"path":"/Users/ayushgupta/Namaste_React/src/components/ResturantCard.js","statementMap":{"0":{"start":{"line":3,"column":22},"end":{"line":25,"column":1}},"1":{"start":{"line":4,"column":22},"end":{"line":4,"column":27}},"2":{"start":{"line":8,"column":4},"end":{"line":8,"column":17}},"3":{"start":{"line":9,"column":27},"end":{"line":9,"column":45}},"4":{"start":{"line":11,"column":2},"end":{"line":24,"column":4}},"5":{"start":{"line":31,"column":31},"end":{"line":42,"column":1}},"6":{"start":{"line":32,"column":2},"end":{"line":41,"column":4}},"7":{"start":{"line":33,"column":4},"end":{"line":40,"column":6}}},"fnMap":{"0":{"name":"(anonymous_0)","decl":{"start":{"line":3,"column":22},"end":{"line":3,"column":23}},"loc":{"start":{"line":3,"column":33},"end":{"line":25,"column":1}},"line":3},"1":{"name":"(anonymous_1)","decl":{"start":{"line":31,"column":31},"end":{"line":31,"column":32}},"loc":{"start":{"line":31,"column":50},"end":{"line":42,"column":1}},"line":31},"2":{"name":"(anonymous_2)","decl":{"start":{"line":32,"column":9},"end":{"line":32,"column":10}},"loc":{"start":{"line":32,"column":20},"end":{"line":41,"column":3}},"line":32}},"branchMap":{},"s":{"0":1,"1":1,"2":1,"3":1,"4":1,"5":1,"6":0,"7":0},"f":{"0":1,"1":0,"2":0},"b":{},"_coverageSchema":"1a1c01bbd47fc00a2c39e90264f33305004495a9","hash":"d51e276de5e267182e141e66f6b1eda799864845"}
,"/Users/ayushgupta/Namaste_React/src/components/sum.js": {"path":"/Users/ayushgupta/Namaste_React/src/components/sum.js","statementMap":{"0":{"start":{"line":1,"column":19},"end":{"line":3,"column":1}},"1":{"start":{"line":2,"column":2},"end":{"line":2,"column":15}}},"fnMap":{"0":{"name":"(anonymous_0)","decl":{"start":{"line":1,"column":19},"end":{"line":1,"column":20}},"loc":{"start":{"line":1,"column":29},"end":{"line":3,"column":1}},"line":1}},"branchMap":{},"s":{"0":1,"1":1},"f":{"0":1},"b":{},"_coverageSchema":"1a1c01bbd47fc00a2c39e90264f33305004495a9","hash":"6dfa658d206de1be4d2114cc7f48d3e77c403921"}
,"/Users/ayushgupta/Namaste_React/utils/UserContext.js": {"path":"/Users/ayushgupta/Namaste_React/utils/UserContext.js","statementMap":{"0":{"start":{"line":3,"column":20},"end":{"line":5,"column":2}}},"fnMap":{},"branchMap":{},"s":{"0":1},"f":{},"b":{},"_coverageSchema":"1a1c01bbd47fc00a2c39e90264f33305004495a9","hash":"f32f9572da754c2277bdc73e0a4f4a4a8731aa9d"}
,"/Users/ayushgupta/Namaste_React/utils/appStore.js": {"path":"/Users/ayushgupta/Namaste_React/utils/appStore.js","statementMap":{"0":{"start":{"line":4,"column":17},"end":{"line":8,"column":2}}},"fnMap":{},"branchMap":{},"s":{"0":1},"f":{},"b":{},"_coverageSchema":"1a1c01bbd47fc00a2c39e90264f33305004495a9","hash":"a04ec733adfefb39bb6943359e00e93b4ebdabec"}
,"/Users/ayushgupta/Namaste_React/utils/cartSlice.js": {"path":"/Users/ayushgupta/Namaste_React/utils/cartSlice.js","statementMap":{"0":{"start":{"line":6,"column":18},"end":{"line":33,"column":2}},"1":{"start":{"line":13,"column":6},"end":{"line":13,"column":39}},"2":{"start":{"line":18,"column":6},"end":{"line":18,"column":24}},"3":{"start":{"line":24,"column":6},"end":{"line":24,"column":24}},"4":{"start":{"line":36,"column":50},"end":{"line":36,"column":67}}},"fnMap":{"0":{"name":"(anonymous_0)","decl":{"start":{"line":12,"column":13},"end":{"line":12,"column":14}},"loc":{"start":{"line":12,"column":32},"end":{"line":14,"column":5}},"line":12},"1":{"name":"(anonymous_1)","decl":{"start":{"line":17,"column":16},"end":{"line":17,"column":17}},"loc":{"start":{"line":17,"column":35},"end":{"line":19,"column":5}},"line":17},"2":{"name":"(anonymous_2)","decl":{"start":{"line":21,"column":15},"end":{"line":21,"column":16}},"loc":{"start":{"line":21,"column":34},"end":{"line":31,"column":5}},"line":21}},"branchMap":{},"s":{"0":1,"1":0,"2":0,"3":0,"4":1},"f":{"0":0,"1":0,"2":0},"b":{},"_coverageSchema":"1a1c01bbd47fc00a2c39e90264f33305004495a9","hash":"cbd388455eaa4605f0e09dc39e596460ed558059"}
,"/Users/ayushgupta/Namaste_React/utils/constants.js": {"path":"/Users/ayushgupta/Namaste_React/utils/constants.js","statementMap":{"0":{"start":{"line":2,"column":23},"end":{"line":2,"column":106}},"1":{"start":{"line":4,"column":24},"end":{"line":4,"column":147}},"2":{"start":{"line":8,"column":24},"end":{"line":8,"column":154}}},"fnMap":{},"branchMap":{},"s":{"0":2,"1":2,"2":2},"f":{},"b":{},"_coverageSchema":"1a1c01bbd47fc00a2c39e90264f33305004495a9","hash":"6abfc124c72a0fec3efb6935f555dae793472427"}
,"/Users/ayushgupta/Namaste_React/utils/useOnlineStatus.js": {"path":"/Users/ayushgupta/Namaste_React/utils/useOnlineStatus.js","statementMap":{"0":{"start":{"line":3,"column":24},"end":{"line":21,"column":1}},"1":{"start":{"line":4,"column":42},"end":{"line":4,"column":56}},"2":{"start":{"line":8,"column":2},"end":{"line":16,"column":9}},"3":{"start":{"line":9,"column":4},"end":{"line":11,"column":7}},"4":{"start":{"line":10,"column":6},"end":{"line":10,"column":28}},"5":{"start":{"line":13,"column":4},"end":{"line":15,"column":7}},"6":{"start":{"line":14,"column":6},"end":{"line":14,"column":29}},"7":{"start":{"line":20,"column":2},"end":{"line":20,"column":22}}},"fnMap":{"0":{"name":"(anonymous_0)","decl":{"start":{"line":3,"column":24},"end":{"line":3,"column":25}},"loc":{"start":{"line":3,"column":30},"end":{"line":21,"column":1}},"line":3},"1":{"name":"(anonymous_1)","decl":{"start":{"line":8,"column":12},"end":{"line":8,"column":13}},"loc":{"start":{"line":8,"column":18},"end":{"line":16,"column":3}},"line":8},"2":{"name":"(anonymous_2)","decl":{"start":{"line":9,"column":38},"end":{"line":9,"column":39}},"loc":{"start":{"line":9,"column":44},"end":{"line":11,"column":5}},"line":9},"3":{"name":"(anonymous_3)","decl":{"start":{"line":13,"column":39},"end":{"line":13,"column":40}},"loc":{"start":{"line":13,"column":45},"end":{"line":15,"column":5}},"line":13}},"branchMap":{},"s":{"0":1,"1":6,"2":6,"3":5,"4":0,"5":5,"6":0,"7":6},"f":{"0":6,"1":5,"2":0,"3":0},"b":{},"_coverageSchema":"1a1c01bbd47fc00a2c39e90264f33305004495a9","hash":"b52f5ceff187f9f6990ecd5ea8ac24b8fb512a89"}
}
