{"/Users/ayushgupta/Namaste_React/src/components/Body.js": {"path":"/Users/ayushgupta/Namaste_React/src/components/Body.js","statementMap":{"0":{"start":{"line":8,"column":13},"end":{"line":126,"column":1}},"1":{"start":{"line":9,"column":50},"end":{"line":9,"column":62}},"2":{"start":{"line":10,"column":52},"end":{"line":10,"column":64}},"3":{"start":{"line":11,"column":38},"end":{"line":11,"column":50}},"4":{"start":{"line":13,"column":40},"end":{"line":13,"column":63}},"5":{"start":{"line":15,"column":30},"end":{"line":15,"column":60}},"6":{"start":{"line":17,"column":20},"end":{"line":36,"column":3}},"7":{"start":{"line":18,"column":4},"end":{"line":35,"column":5}},"8":{"start":{"line":19,"column":19},"end":{"line":21,"column":7}},"9":{"start":{"line":23,"column":19},"end":{"line":23,"column":36}},"10":{"start":{"line":25,"column":26},"end":{"line":27,"column":61}},"11":{"start":{"line":26,"column":18},"end":{"line":26,"column":76}},"12":{"start":{"line":29,"column":6},"end":{"line":32,"column":7}},"13":{"start":{"line":30,"column":8},"end":{"line":30,"column":41}},"14":{"start":{"line":31,"column":8},"end":{"line":31,"column":42}},"15":{"start":{"line":34,"column":6},"end":{"line":34,"column":61}},"16":{"start":{"line":38,"column":2},"end":{"line":40,"column":9}},"17":{"start":{"line":39,"column":4},"end":{"line":39,"column":16}},"18":{"start":{"line":42,"column":23},"end":{"line":42,"column":40}},"19":{"start":{"line":44,"column":2},"end":{"line":44,"column":70}},"20":{"start":{"line":44,"column":30},"end":{"line":44,"column":70}},"21":{"start":{"line":46,"column":2},"end":{"line":46,"column":51}},"22":{"start":{"line":46,"column":32},"end":{"line":46,"column":51}},"23":{"start":{"line":48,"column":2},"end":{"line":125,"column":4}},"24":{"start":{"line":61,"column":14},"end":{"line":61,"column":44}},"25":{"start":{"line":67,"column":31},"end":{"line":69,"column":15}},"26":{"start":{"line":68,"column":16},"end":{"line":68,"column":78}},"27":{"start":{"line":70,"column":14},"end":{"line":70,"column":45}},"28":{"start":{"line":81,"column":35},"end":{"line":83,"column":15}},"29":{"start":{"line":82,"column":25},"end":{"line":82,"column":49}},"30":{"start":{"line":84,"column":14},"end":{"line":84,"column":49}},"31":{"start":{"line":95,"column":29},"end":{"line":95,"column":56}},"32":{"start":{"line":104,"column":12},"end":{"line":117,"column":19}}},"fnMap":{"0":{"name":"(anonymous_0)","decl":{"start":{"line":8,"column":13},"end":{"line":8,"column":14}},"loc":{"start":{"line":8,"column":19},"end":{"line":126,"column":1}},"line":8},"1":{"name":"(anonymous_1)","decl":{"start":{"line":17,"column":20},"end":{"line":17,"column":21}},"loc":{"start":{"line":17,"column":32},"end":{"line":36,"column":3}},"line":17},"2":{"name":"(anonymous_2)","decl":{"start":{"line":26,"column":8},"end":{"line":26,"column":9}},"loc":{"start":{"line":26,"column":18},"end":{"line":26,"column":76}},"line":26},"3":{"name":"(anonymous_3)","decl":{"start":{"line":38,"column":12},"end":{"line":38,"column":13}},"loc":{"start":{"line":38,"column":18},"end":{"line":40,"column":3}},"line":38},"4":{"name":"(anonymous_4)","decl":{"start":{"line":60,"column":22},"end":{"line":60,"column":23}},"loc":{"start":{"line":60,"column":29},"end":{"line":62,"column":13}},"line":60},"5":{"name":"(anonymous_5)","decl":{"start":{"line":66,"column":21},"end":{"line":66,"column":22}},"loc":{"start":{"line":66,"column":27},"end":{"line":71,"column":13}},"line":66},"6":{"name":"(anonymous_6)","decl":{"start":{"line":67,"column":55},"end":{"line":67,"column":56}},"loc":{"start":{"line":68,"column":16},"end":{"line":68,"column":78}},"line":68},"7":{"name":"(anonymous_7)","decl":{"start":{"line":80,"column":21},"end":{"line":80,"column":22}},"loc":{"start":{"line":80,"column":27},"end":{"line":85,"column":13}},"line":80},"8":{"name":"(anonymous_8)","decl":{"start":{"line":82,"column":16},"end":{"line":82,"column":17}},"loc":{"start":{"line":82,"column":25},"end":{"line":82,"column":49}},"line":82},"9":{"name":"(anonymous_9)","decl":{"start":{"line":95,"column":22},"end":{"line":95,"column":23}},"loc":{"start":{"line":95,"column":29},"end":{"line":95,"column":56}},"line":95},"10":{"name":"(anonymous_10)","decl":{"start":{"line":103,"column":32},"end":{"line":103,"column":33}},"loc":{"start":{"line":104,"column":12},"end":{"line":117,"column":19}},"line":104}},"branchMap":{"0":{"loc":{"start":{"line":29,"column":6},"end":{"line":32,"column":7}},"type":"if","locations":[{"start":{"line":29,"column":6},"end":{"line":32,"column":7}},{"start":{},"end":{}}],"line":29},"1":{"loc":{"start":{"line":44,"column":2},"end":{"line":44,"column":70}},"type":"if","locations":[{"start":{"line":44,"column":2},"end":{"line":44,"column":70}},{"start":{},"end":{}}],"line":44},"2":{"loc":{"start":{"line":46,"column":2},"end":{"line":46,"column":51}},"type":"if","locations":[{"start":{"line":46,"column":2},"end":{"line":46,"column":51}},{"start":{},"end":{}}],"line":46},"3":{"loc":{"start":{"line":102,"column":9},"end":{"line":121,"column":9}},"type":"cond-expr","locations":[{"start":{"line":103,"column":10},"end":{"line":118,"column":12}},{"start":{"line":120,"column":10},"end":{"line":120,"column":39}}],"line":102},"4":{"loc":{"start":{"line":111,"column":16},"end":{"line":115,"column":17}},"type":"cond-expr","locations":[{"start":{"line":112,"column":18},"end":{"line":112,"column":61}},{"start":{"line":114,"column":18},"end":{"line":114,"column":55}}],"line":111}},"s":{"0":1,"1":7,"2":7,"3":7,"4":7,"5":7,"6":7,"7":2,"8":2,"9":2,"10":2,"11":6,"12":2,"13":2,"14":2,"15":0,"16":7,"17":2,"18":7,"19":7,"20":0,"21":7,"22":2,"23":5,"24":1,"25":1,"26":9,"27":1,"28":1,"29":9,"30":1,"31":0,"32":30},"f":{"0":7,"1":2,"2":6,"3":2,"4":1,"5":1,"6":9,"7":1,"8":9,"9":0,"10":30},"b":{"0":[2,0],"1":[0,7],"2":[2,5],"3":[5,0],"4":[30,0]},"_coverageSchema":"1a1c01bbd47fc00a2c39e90264f33305004495a9","hash":"f1556db11d7ab62a87b80e4c998e4b9091c59a2f"}
,"/Users/ayushgupta/Namaste_React/src/components/Cart.js": {"path":"/Users/ayushgupta/Namaste_React/src/components/Cart.js","statementMap":{"0":{"start":{"line":6,"column":13},"end":{"line":38,"column":1}},"1":{"start":{"line":7,"column":19},"end":{"line":7,"column":32}},"2":{"start":{"line":9,"column":26},"end":{"line":11,"column":3}},"3":{"start":{"line":10,"column":4},"end":{"line":10,"column":26}},"4":{"start":{"line":15,"column":20},"end":{"line":15,"column":60}},"5":{"start":{"line":15,"column":43},"end":{"line":15,"column":59}},"6":{"start":{"line":16,"column":2},"end":{"line":16,"column":25}},"7":{"start":{"line":18,"column":2},"end":{"line":37,"column":4}}},"fnMap":{"0":{"name":"(anonymous_0)","decl":{"start":{"line":6,"column":13},"end":{"line":6,"column":14}},"loc":{"start":{"line":6,"column":19},"end":{"line":38,"column":1}},"line":6},"1":{"name":"(anonymous_1)","decl":{"start":{"line":9,"column":26},"end":{"line":9,"column":27}},"loc":{"start":{"line":9,"column":32},"end":{"line":11,"column":3}},"line":9},"2":{"name":"(anonymous_2)","decl":{"start":{"line":15,"column":32},"end":{"line":15,"column":33}},"loc":{"start":{"line":15,"column":43},"end":{"line":15,"column":59}},"line":15}},"branchMap":{"0":{"loc":{"start":{"line":30,"column":9},"end":{"line":30,"column":61}},"type":"binary-expr","locations":[{"start":{"line":30,"column":9},"end":{"line":30,"column":31}},{"start":{"line":30,"column":35},"end":{"line":30,"column":61}}],"line":30}},"s":{"0":1,"1":4,"2":4,"3":1,"4":4,"5":8,"6":4,"7":4},"f":{"0":4,"1":1,"2":8},"b":{"0":[4,2]},"_coverageSchema":"1a1c01bbd47fc00a2c39e90264f33305004495a9","hash":"929d704f44252258e7f3da4d4272417af775b5c4"}
,"/Users/ayushgupta/Namaste_React/src/components/Contact.js": {"path":"/Users/ayushgupta/Namaste_React/src/components/Contact.js","statementMap":{"0":{"start":{"line":3,"column":16},"end":{"line":15,"column":1}},"1":{"start":{"line":4,"column":2},"end":{"line":14,"column":3}}},"fnMap":{"0":{"name":"(anonymous_0)","decl":{"start":{"line":3,"column":16},"end":{"line":3,"column":17}},"loc":{"start":{"line":3,"column":22},"end":{"line":15,"column":1}},"line":3}},"branchMap":{},"s":{"0":1,"1":5},"f":{"0":5},"b":{},"_coverageSchema":"1a1c01bbd47fc00a2c39e90264f33305004495a9","hash":"c67ed0ce63c1bf6b9ffe9a2a38f288a26c1c49f0"}
,"/Users/ayushgupta/Namaste_React/src/components/Header.js": {"path":"/Users/ayushgupta/Namaste_React/src/components/Header.js","statementMap":{"0":{"start":{"line":8,"column":15},"end":{"line":59,"column":1}},"1":{"start":{"line":9,"column":23},"end":{"line":9,"column":40}},"2":{"start":{"line":11,"column":27},"end":{"line":11,"column":50}},"3":{"start":{"line":13,"column":20},"end":{"line":13,"column":60}},"4":{"start":{"line":13,"column":43},"end":{"line":13,"column":59}},"5":{"start":{"line":16,"column":32},"end":{"line":16,"column":49}},"6":{"start":{"line":18,"column":2},"end":{"line":58,"column":4}},"7":{"start":{"line":48,"column":14},"end":{"line":48,"column":79}}},"fnMap":{"0":{"name":"(anonymous_0)","decl":{"start":{"line":8,"column":15},"end":{"line":8,"column":16}},"loc":{"start":{"line":8,"column":21},"end":{"line":59,"column":1}},"line":8},"1":{"name":"(anonymous_1)","decl":{"start":{"line":13,"column":32},"end":{"line":13,"column":33}},"loc":{"start":{"line":13,"column":43},"end":{"line":13,"column":59}},"line":13},"2":{"name":"(anonymous_2)","decl":{"start":{"line":47,"column":21},"end":{"line":47,"column":22}},"loc":{"start":{"line":47,"column":27},"end":{"line":49,"column":13}},"line":47}},"branchMap":{"0":{"loc":{"start":{"line":27,"column":13},"end":{"line":27,"column":37}},"type":"cond-expr","locations":[{"start":{"line":27,"column":28},"end":{"line":27,"column":31}},{"start":{"line":27,"column":34},"end":{"line":27,"column":37}}],"line":27},"1":{"loc":{"start":{"line":48,"column":14},"end":{"line":48,"column":78}},"type":"cond-expr","locations":[{"start":{"line":48,"column":36},"end":{"line":48,"column":56}},{"start":{"line":48,"column":59},"end":{"line":48,"column":78}}],"line":48}},"s":{"0":2,"1":10,"2":10,"3":10,"4":19,"5":10,"6":10,"7":1},"f":{"0":10,"1":19,"2":1},"b":{"0":[10,0],"1":[1,0]},"_coverageSchema":"1a1c01bbd47fc00a2c39e90264f33305004495a9","hash":"4ffb4cf96868826a5f64e1fb7dd54a0ec033b0b6"}
,"/Users/ayushgupta/Namaste_React/src/components/ItemList.js": {"path":"/Users/ayushgupta/Namaste_React/src/components/ItemList.js","statementMap":{"0":{"start":{"line":6,"column":17},"end":{"line":53,"column":1}},"1":{"start":{"line":7,"column":19},"end":{"line":7,"column":32}},"2":{"start":{"line":9,"column":24},"end":{"line":13,"column":3}},"3":{"start":{"line":12,"column":4},"end":{"line":12,"column":28}},"4":{"start":{"line":15,"column":2},"end":{"line":52,"column":4}},"5":{"start":{"line":18,"column":8},"end":{"line":49,"column":14}},"6":{"start":{"line":42,"column":31},"end":{"line":42,"column":50}}},"fnMap":{"0":{"name":"(anonymous_0)","decl":{"start":{"line":6,"column":17},"end":{"line":6,"column":18}},"loc":{"start":{"line":6,"column":32},"end":{"line":53,"column":1}},"line":6},"1":{"name":"(anonymous_1)","decl":{"start":{"line":9,"column":24},"end":{"line":9,"column":25}},"loc":{"start":{"line":9,"column":34},"end":{"line":13,"column":3}},"line":9},"2":{"name":"(anonymous_2)","decl":{"start":{"line":17,"column":17},"end":{"line":17,"column":18}},"loc":{"start":{"line":18,"column":8},"end":{"line":49,"column":14}},"line":18},"3":{"name":"(anonymous_3)","decl":{"start":{"line":42,"column":25},"end":{"line":42,"column":26}},"loc":{"start":{"line":42,"column":31},"end":{"line":42,"column":50}},"line":42}},"branchMap":{"0":{"loc":{"start":{"line":29,"column":17},"end":{"line":31,"column":53}},"type":"cond-expr","locations":[{"start":{"line":30,"column":20},"end":{"line":30,"column":46}},{"start":{"line":31,"column":20},"end":{"line":31,"column":53}}],"line":29}},"s":{"0":1,"1":5,"2":5,"3":2,"4":5,"5":23,"6":2},"f":{"0":5,"1":2,"2":23,"3":2},"b":{"0":[23,0]},"_coverageSchema":"1a1c01bbd47fc00a2c39e90264f33305004495a9","hash":"b8bdbc44b9fa1e2bd51c6af0700ef35164369924"}
,"/Users/ayushgupta/Namaste_React/src/components/ResturantCard.js": {"path":"/Users/ayushgupta/Namaste_React/src/components/ResturantCard.js","statementMap":{"0":{"start":{"line":3,"column":22},"end":{"line":28,"column":1}},"1":{"start":{"line":4,"column":22},"end":{"line":4,"column":27}},"2":{"start":{"line":8,"column":4},"end":{"line":8,"column":17}},"3":{"start":{"line":9,"column":27},"end":{"line":9,"column":45}},"4":{"start":{"line":11,"column":2},"end":{"line":27,"column":4}},"5":{"start":{"line":34,"column":31},"end":{"line":45,"column":1}},"6":{"start":{"line":35,"column":2},"end":{"line":44,"column":4}},"7":{"start":{"line":36,"column":4},"end":{"line":43,"column":6}}},"fnMap":{"0":{"name":"(anonymous_0)","decl":{"start":{"line":3,"column":22},"end":{"line":3,"column":23}},"loc":{"start":{"line":3,"column":33},"end":{"line":28,"column":1}},"line":3},"1":{"name":"(anonymous_1)","decl":{"start":{"line":34,"column":31},"end":{"line":34,"column":32}},"loc":{"start":{"line":34,"column":50},"end":{"line":45,"column":1}},"line":34},"2":{"name":"(anonymous_2)","decl":{"start":{"line":35,"column":9},"end":{"line":35,"column":10}},"loc":{"start":{"line":35,"column":20},"end":{"line":44,"column":3}},"line":35}},"branchMap":{},"s":{"0":2,"1":31,"2":31,"3":31,"4":31,"5":2,"6":7,"7":30},"f":{"0":31,"1":7,"2":30},"b":{},"_coverageSchema":"1a1c01bbd47fc00a2c39e90264f33305004495a9","hash":"be647e2fb39dcde0e8dd6c18cec2710a4392e639"}
,"/Users/ayushgupta/Namaste_React/src/components/ResturantCategory.js": {"path":"/Users/ayushgupta/Namaste_React/src/components/ResturantCategory.js","statementMap":{"0":{"start":{"line":4,"column":26},"end":{"line":29,"column":1}},"1":{"start":{"line":5,"column":22},"end":{"line":7,"column":3}},"2":{"start":{"line":6,"column":4},"end":{"line":6,"column":19}},"3":{"start":{"line":10,"column":2},"end":{"line":28,"column":4}}},"fnMap":{"0":{"name":"(anonymous_0)","decl":{"start":{"line":4,"column":26},"end":{"line":4,"column":27}},"loc":{"start":{"line":4,"column":65},"end":{"line":29,"column":1}},"line":4},"1":{"name":"(anonymous_1)","decl":{"start":{"line":5,"column":22},"end":{"line":5,"column":23}},"loc":{"start":{"line":5,"column":28},"end":{"line":7,"column":3}},"line":5}},"branchMap":{"0":{"loc":{"start":{"line":25,"column":9},"end":{"line":25,"column":56}},"type":"binary-expr","locations":[{"start":{"line":25,"column":9},"end":{"line":25,"column":18}},{"start":{"line":25,"column":22},"end":{"line":25,"column":56}}],"line":25}},"s":{"0":1,"1":4,"2":1,"3":4},"f":{"0":4,"1":1},"b":{"0":[4,1]},"_coverageSchema":"1a1c01bbd47fc00a2c39e90264f33305004495a9","hash":"f03a60eb9e4940712ffa2bfc8db88748ca427d91"}
,"/Users/ayushgupta/Namaste_React/src/components/ResturantMenu.js": {"path":"/Users/ayushgupta/Namaste_React/src/components/ResturantMenu.js","statementMap":{"0":{"start":{"line":7,"column":22},"end":{"line":46,"column":1}},"1":{"start":{"line":11,"column":20},"end":{"line":11,"column":31}},"2":{"start":{"line":12,"column":18},"end":{"line":12,"column":41}},"3":{"start":{"line":14,"column":36},"end":{"line":14,"column":50}},"4":{"start":{"line":16,"column":2},"end":{"line":16,"column":35}},"5":{"start":{"line":16,"column":16},"end":{"line":16,"column":35}},"6":{"start":{"line":19,"column":4},"end":{"line":19,"column":47}},"7":{"start":{"line":22,"column":4},"end":{"line":26,"column":5}},"8":{"start":{"line":24,"column":8},"end":{"line":25,"column":70}},"9":{"start":{"line":28,"column":2},"end":{"line":45,"column":4}},"10":{"start":{"line":36,"column":8},"end":{"line":42,"column":10}},"11":{"start":{"line":40,"column":30},"end":{"line":40,"column":49}}},"fnMap":{"0":{"name":"(anonymous_0)","decl":{"start":{"line":7,"column":22},"end":{"line":7,"column":23}},"loc":{"start":{"line":7,"column":28},"end":{"line":46,"column":1}},"line":7},"1":{"name":"(anonymous_1)","decl":{"start":{"line":23,"column":6},"end":{"line":23,"column":7}},"loc":{"start":{"line":24,"column":8},"end":{"line":25,"column":70}},"line":24},"2":{"name":"(anonymous_2)","decl":{"start":{"line":35,"column":22},"end":{"line":35,"column":23}},"loc":{"start":{"line":36,"column":8},"end":{"line":42,"column":10}},"line":36},"3":{"name":"(anonymous_3)","decl":{"start":{"line":40,"column":24},"end":{"line":40,"column":25}},"loc":{"start":{"line":40,"column":30},"end":{"line":40,"column":49}},"line":40}},"branchMap":{"0":{"loc":{"start":{"line":16,"column":2},"end":{"line":16,"column":35}},"type":"if","locations":[{"start":{"line":16,"column":2},"end":{"line":16,"column":35}},{"start":{},"end":{}}],"line":16},"1":{"loc":{"start":{"line":19,"column":4},"end":{"line":19,"column":47}},"type":"binary-expr","locations":[{"start":{"line":19,"column":4},"end":{"line":19,"column":41}},{"start":{"line":19,"column":45},"end":{"line":19,"column":47}}],"line":19},"2":{"loc":{"start":{"line":39,"column":21},"end":{"line":39,"column":55}},"type":"cond-expr","locations":[{"start":{"line":39,"column":43},"end":{"line":39,"column":47}},{"start":{"line":39,"column":50},"end":{"line":39,"column":55}}],"line":39}},"s":{"0":1,"1":3,"2":3,"3":3,"4":3,"5":1,"6":2,"7":2,"8":26,"9":2,"10":4,"11":1},"f":{"0":3,"1":26,"2":4,"3":1},"b":{"0":[1,2],"1":[2,0],"2":[1,3]},"_coverageSchema":"1a1c01bbd47fc00a2c39e90264f33305004495a9","hash":"20fb0127fae392f6089711b7953cfbb140829482"}
,"/Users/ayushgupta/Namaste_React/src/components/Shimmer.js": {"path":"/Users/ayushgupta/Namaste_React/src/components/Shimmer.js","statementMap":{"0":{"start":{"line":1,"column":16},"end":{"line":16,"column":1}},"1":{"start":{"line":2,"column":2},"end":{"line":15,"column":4}}},"fnMap":{"0":{"name":"(anonymous_0)","decl":{"start":{"line":1,"column":16},"end":{"line":1,"column":17}},"loc":{"start":{"line":1,"column":22},"end":{"line":16,"column":1}},"line":1}},"branchMap":{},"s":{"0":2,"1":3},"f":{"0":3},"b":{},"_coverageSchema":"1a1c01bbd47fc00a2c39e90264f33305004495a9","hash":"121976a4c8652cb840dd5b57fd68e169cde4e7af"}
,"/Users/ayushgupta/Namaste_React/src/components/sum.js": {"path":"/Users/ayushgupta/Namaste_React/src/components/sum.js","statementMap":{"0":{"start":{"line":1,"column":19},"end":{"line":3,"column":1}},"1":{"start":{"line":2,"column":2},"end":{"line":2,"column":15}}},"fnMap":{"0":{"name":"(anonymous_0)","decl":{"start":{"line":1,"column":19},"end":{"line":1,"column":20}},"loc":{"start":{"line":1,"column":29},"end":{"line":3,"column":1}},"line":1}},"branchMap":{},"s":{"0":1,"1":1},"f":{"0":1},"b":{},"_coverageSchema":"1a1c01bbd47fc00a2c39e90264f33305004495a9","hash":"6dfa658d206de1be4d2114cc7f48d3e77c403921"}
,"/Users/ayushgupta/Namaste_React/utils/UserContext.js": {"path":"/Users/ayushgupta/Namaste_React/utils/UserContext.js","statementMap":{"0":{"start":{"line":3,"column":20},"end":{"line":5,"column":2}}},"fnMap":{},"branchMap":{},"s":{"0":3},"f":{},"b":{},"_coverageSchema":"1a1c01bbd47fc00a2c39e90264f33305004495a9","hash":"f32f9572da754c2277bdc73e0a4f4a4a8731aa9d"}
,"/Users/ayushgupta/Namaste_React/utils/appStore.js": {"path":"/Users/ayushgupta/Namaste_React/utils/appStore.js","statementMap":{"0":{"start":{"line":4,"column":17},"end":{"line":8,"column":2}}},"fnMap":{},"branchMap":{},"s":{"0":2},"f":{},"b":{},"_coverageSchema":"1a1c01bbd47fc00a2c39e90264f33305004495a9","hash":"a04ec733adfefb39bb6943359e00e93b4ebdabec"}
,"/Users/ayushgupta/Namaste_React/utils/cartSlice.js": {"path":"/Users/ayushgupta/Namaste_React/utils/cartSlice.js","statementMap":{"0":{"start":{"line":6,"column":18},"end":{"line":33,"column":2}},"1":{"start":{"line":13,"column":6},"end":{"line":13,"column":39}},"2":{"start":{"line":18,"column":6},"end":{"line":18,"column":24}},"3":{"start":{"line":24,"column":6},"end":{"line":24,"column":24}},"4":{"start":{"line":36,"column":50},"end":{"line":36,"column":67}}},"fnMap":{"0":{"name":"(anonymous_0)","decl":{"start":{"line":12,"column":13},"end":{"line":12,"column":14}},"loc":{"start":{"line":12,"column":32},"end":{"line":14,"column":5}},"line":12},"1":{"name":"(anonymous_1)","decl":{"start":{"line":17,"column":16},"end":{"line":17,"column":17}},"loc":{"start":{"line":17,"column":35},"end":{"line":19,"column":5}},"line":17},"2":{"name":"(anonymous_2)","decl":{"start":{"line":21,"column":15},"end":{"line":21,"column":16}},"loc":{"start":{"line":21,"column":34},"end":{"line":31,"column":5}},"line":21}},"branchMap":{},"s":{"0":2,"1":2,"2":0,"3":1,"4":2},"f":{"0":2,"1":0,"2":1},"b":{},"_coverageSchema":"1a1c01bbd47fc00a2c39e90264f33305004495a9","hash":"cbd388455eaa4605f0e09dc39e596460ed558059"}
,"/Users/ayushgupta/Namaste_React/utils/constants.js": {"path":"/Users/ayushgupta/Namaste_React/utils/constants.js","statementMap":{"0":{"start":{"line":2,"column":23},"end":{"line":2,"column":106}},"1":{"start":{"line":4,"column":24},"end":{"line":4,"column":147}},"2":{"start":{"line":8,"column":24},"end":{"line":8,"column":154}}},"fnMap":{},"branchMap":{},"s":{"0":4,"1":4,"2":4},"f":{},"b":{},"_coverageSchema":"1a1c01bbd47fc00a2c39e90264f33305004495a9","hash":"6abfc124c72a0fec3efb6935f555dae793472427"}
,"/Users/ayushgupta/Namaste_React/utils/useOnlineStatus.js": {"path":"/Users/ayushgupta/Namaste_React/utils/useOnlineStatus.js","statementMap":{"0":{"start":{"line":3,"column":24},"end":{"line":21,"column":1}},"1":{"start":{"line":4,"column":42},"end":{"line":4,"column":56}},"2":{"start":{"line":8,"column":2},"end":{"line":16,"column":9}},"3":{"start":{"line":9,"column":4},"end":{"line":11,"column":7}},"4":{"start":{"line":10,"column":6},"end":{"line":10,"column":28}},"5":{"start":{"line":13,"column":4},"end":{"line":15,"column":7}},"6":{"start":{"line":14,"column":6},"end":{"line":14,"column":29}},"7":{"start":{"line":20,"column":2},"end":{"line":20,"column":22}}},"fnMap":{"0":{"name":"(anonymous_0)","decl":{"start":{"line":3,"column":24},"end":{"line":3,"column":25}},"loc":{"start":{"line":3,"column":30},"end":{"line":21,"column":1}},"line":3},"1":{"name":"(anonymous_1)","decl":{"start":{"line":8,"column":12},"end":{"line":8,"column":13}},"loc":{"start":{"line":8,"column":18},"end":{"line":16,"column":3}},"line":8},"2":{"name":"(anonymous_2)","decl":{"start":{"line":9,"column":38},"end":{"line":9,"column":39}},"loc":{"start":{"line":9,"column":44},"end":{"line":11,"column":5}},"line":9},"3":{"name":"(anonymous_3)","decl":{"start":{"line":13,"column":39},"end":{"line":13,"column":40}},"loc":{"start":{"line":13,"column":45},"end":{"line":15,"column":5}},"line":13}},"branchMap":{},"s":{"0":3,"1":17,"2":17,"3":8,"4":0,"5":8,"6":0,"7":17},"f":{"0":17,"1":8,"2":0,"3":0},"b":{},"_coverageSchema":"1a1c01bbd47fc00a2c39e90264f33305004495a9","hash":"b52f5ceff187f9f6990ecd5ea8ac24b8fb512a89"}
,"/Users/ayushgupta/Namaste_React/utils/useResturantMenu.js": {"path":"/Users/ayushgupta/Namaste_React/utils/useResturantMenu.js","statementMap":{"0":{"start":{"line":4,"column":25},"end":{"line":19,"column":1}},"1":{"start":{"line":5,"column":32},"end":{"line":5,"column":46}},"2":{"start":{"line":8,"column":2},"end":{"line":10,"column":9}},"3":{"start":{"line":9,"column":4},"end":{"line":9,"column":16}},"4":{"start":{"line":12,"column":20},"end":{"line":16,"column":3}},"5":{"start":{"line":13,"column":17},"end":{"line":13,"column":46}},"6":{"start":{"line":14,"column":17},"end":{"line":14,"column":34}},"7":{"start":{"line":15,"column":4},"end":{"line":15,"column":26}},"8":{"start":{"line":18,"column":2},"end":{"line":18,"column":17}}},"fnMap":{"0":{"name":"(anonymous_0)","decl":{"start":{"line":4,"column":25},"end":{"line":4,"column":26}},"loc":{"start":{"line":4,"column":36},"end":{"line":19,"column":1}},"line":4},"1":{"name":"(anonymous_1)","decl":{"start":{"line":8,"column":12},"end":{"line":8,"column":13}},"loc":{"start":{"line":8,"column":18},"end":{"line":10,"column":3}},"line":8},"2":{"name":"(anonymous_2)","decl":{"start":{"line":12,"column":20},"end":{"line":12,"column":21}},"loc":{"start":{"line":12,"column":32},"end":{"line":16,"column":3}},"line":12}},"branchMap":{},"s":{"0":1,"1":3,"2":3,"3":1,"4":3,"5":1,"6":1,"7":1,"8":3},"f":{"0":3,"1":1,"2":1},"b":{},"_coverageSchema":"1a1c01bbd47fc00a2c39e90264f33305004495a9","hash":"8e69be9e6ad9fc4b3638414fc2671dd388d3cca1"}
}
