TN:
SF:src/components/Body.js
FN:8,(anonymous_0)
FN:17,(anonymous_1)
FN:26,(anonymous_2)
FN:38,(anonymous_3)
FN:60,(anonymous_4)
FN:66,(anonymous_5)
FN:67,(anonymous_6)
FN:80,(anonymous_7)
FN:82,(anonymous_8)
FN:95,(anonymous_9)
FN:103,(anonymous_10)
FNF:11
FNH:10
FNDA:7,(anonymous_0)
FNDA:2,(anonymous_1)
FNDA:6,(anonymous_2)
FNDA:2,(anonymous_3)
FNDA:1,(anonymous_4)
FNDA:1,(anonymous_5)
FNDA:9,(anonymous_6)
FNDA:1,(anonymous_7)
FNDA:9,(anonymous_8)
FNDA:0,(anonymous_9)
FNDA:30,(anonymous_10)
DA:8,1
DA:9,7
DA:10,7
DA:11,7
DA:13,7
DA:15,7
DA:17,7
DA:18,2
DA:19,2
DA:23,2
DA:25,2
DA:26,6
DA:29,2
DA:30,2
DA:31,2
DA:34,0
DA:38,7
DA:39,2
DA:42,7
DA:44,7
DA:46,7
DA:48,5
DA:61,1
DA:67,1
DA:68,9
DA:70,1
DA:81,1
DA:82,9
DA:84,1
DA:95,0
DA:104,30
LF:31
LH:29
BRDA:29,0,0,2
BRDA:29,0,1,0
BRDA:44,1,0,0
BRDA:44,1,1,7
BRDA:46,2,0,2
BRDA:46,2,1,5
BRDA:102,3,0,5
BRDA:102,3,1,0
BRDA:111,4,0,30
BRDA:111,4,1,0
BRF:10
BRH:6
end_of_record
TN:
SF:src/components/Cart.js
FN:6,(anonymous_0)
FN:9,(anonymous_1)
FN:15,(anonymous_2)
FNF:3
FNH:3
FNDA:4,(anonymous_0)
FNDA:1,(anonymous_1)
FNDA:8,(anonymous_2)
DA:6,1
DA:7,4
DA:9,4
DA:10,1
DA:15,8
DA:16,4
DA:18,4
LF:7
LH:7
BRDA:30,0,0,4
BRDA:30,0,1,2
BRF:2
BRH:2
end_of_record
TN:
SF:src/components/Contact.js
FN:3,(anonymous_0)
FNF:1
FNH:1
FNDA:5,(anonymous_0)
DA:3,1
DA:4,5
LF:2
LH:2
BRF:0
BRH:0
end_of_record
TN:
SF:src/components/Header.js
FN:8,(anonymous_0)
FN:13,(anonymous_1)
FN:47,(anonymous_2)
FNF:3
FNH:3
FNDA:10,(anonymous_0)
FNDA:19,(anonymous_1)
FNDA:1,(anonymous_2)
DA:8,2
DA:9,10
DA:11,10
DA:13,19
DA:16,10
DA:18,10
DA:48,1
LF:7
LH:7
BRDA:27,0,0,10
BRDA:27,0,1,0
BRDA:48,1,0,1
BRDA:48,1,1,0
BRF:4
BRH:2
end_of_record
TN:
SF:src/components/ItemList.js
FN:6,(anonymous_0)
FN:9,(anonymous_1)
FN:17,(anonymous_2)
FN:42,(anonymous_3)
FNF:4
FNH:4
FNDA:5,(anonymous_0)
FNDA:2,(anonymous_1)
FNDA:23,(anonymous_2)
FNDA:2,(anonymous_3)
DA:6,1
DA:7,5
DA:9,5
DA:12,2
DA:15,5
DA:18,23
DA:42,2
LF:7
LH:7
BRDA:29,0,0,23
BRDA:29,0,1,0
BRF:2
BRH:1
end_of_record
TN:
SF:src/components/ResturantCard.js
FN:3,(anonymous_0)
FN:34,(anonymous_1)
FN:35,(anonymous_2)
FNF:3
FNH:3
FNDA:31,(anonymous_0)
FNDA:7,(anonymous_1)
FNDA:30,(anonymous_2)
DA:3,2
DA:4,31
DA:8,31
DA:9,31
DA:11,31
DA:34,2
DA:35,7
DA:36,30
LF:8
LH:8
BRF:0
BRH:0
end_of_record
TN:
SF:src/components/ResturantCategory.js
FN:4,(anonymous_0)
FN:5,(anonymous_1)
FNF:2
FNH:2
FNDA:4,(anonymous_0)
FNDA:1,(anonymous_1)
DA:4,1
DA:5,4
DA:6,1
DA:10,4
LF:4
LH:4
BRDA:25,0,0,4
BRDA:25,0,1,1
BRF:2
BRH:2
end_of_record
TN:
SF:src/components/ResturantMenu.js
FN:7,(anonymous_0)
FN:23,(anonymous_1)
FN:35,(anonymous_2)
FN:40,(anonymous_3)
FNF:4
FNH:4
FNDA:3,(anonymous_0)
FNDA:26,(anonymous_1)
FNDA:4,(anonymous_2)
FNDA:1,(anonymous_3)
DA:7,1
DA:11,3
DA:12,3
DA:14,3
DA:16,3
DA:19,2
DA:22,2
DA:24,26
DA:28,2
DA:36,4
DA:40,1
LF:11
LH:11
BRDA:16,0,0,1
BRDA:16,0,1,2
BRDA:19,1,0,2
BRDA:19,1,1,0
BRDA:39,2,0,1
BRDA:39,2,1,3
BRF:6
BRH:5
end_of_record
TN:
SF:src/components/Shimmer.js
FN:1,(anonymous_0)
FNF:1
FNH:1
FNDA:3,(anonymous_0)
DA:1,2
DA:2,3
LF:2
LH:2
BRF:0
BRH:0
end_of_record
TN:
SF:src/components/sum.js
FN:1,(anonymous_0)
FNF:1
FNH:1
FNDA:1,(anonymous_0)
DA:1,1
DA:2,1
LF:2
LH:2
BRF:0
BRH:0
end_of_record
TN:
SF:utils/UserContext.js
FNF:0
FNH:0
DA:3,3
LF:1
LH:1
BRF:0
BRH:0
end_of_record
TN:
SF:utils/appStore.js
FNF:0
FNH:0
DA:4,2
LF:1
LH:1
BRF:0
BRH:0
end_of_record
TN:
SF:utils/cartSlice.js
FN:12,(anonymous_0)
FN:17,(anonymous_1)
FN:21,(anonymous_2)
FNF:3
FNH:2
FNDA:2,(anonymous_0)
FNDA:0,(anonymous_1)
FNDA:1,(anonymous_2)
DA:6,2
DA:13,2
DA:18,0
DA:24,1
DA:36,2
LF:5
LH:4
BRF:0
BRH:0
end_of_record
TN:
SF:utils/constants.js
FNF:0
FNH:0
DA:2,4
DA:4,4
DA:8,4
LF:3
LH:3
BRF:0
BRH:0
end_of_record
TN:
SF:utils/useOnlineStatus.js
FN:3,(anonymous_0)
FN:8,(anonymous_1)
FN:9,(anonymous_2)
FN:13,(anonymous_3)
FNF:4
FNH:2
FNDA:17,(anonymous_0)
FNDA:8,(anonymous_1)
FNDA:0,(anonymous_2)
FNDA:0,(anonymous_3)
DA:3,3
DA:4,17
DA:8,17
DA:9,8
DA:10,0
DA:13,8
DA:14,0
DA:20,17
LF:8
LH:6
BRF:0
BRH:0
end_of_record
TN:
SF:utils/useResturantMenu.js
FN:4,(anonymous_0)
FN:8,(anonymous_1)
FN:12,(anonymous_2)
FNF:3
FNH:3
FNDA:3,(anonymous_0)
FNDA:1,(anonymous_1)
FNDA:1,(anonymous_2)
DA:4,1
DA:5,3
DA:8,3
DA:9,1
DA:12,3
DA:13,1
DA:14,1
DA:15,1
DA:18,3
LF:9
LH:9
BRF:0
BRH:0
end_of_record
