TN:
SF:src/components/Body.js
FN:8,(anonymous_0)
FN:17,(anonymous_1)
FN:26,(anonymous_2)
FN:38,(anonymous_3)
FN:60,(anonymous_4)
FN:66,(anonymous_5)
FN:67,(anonymous_6)
FN:80,(anonymous_7)
FN:82,(anonymous_8)
FN:95,(anonymous_9)
FN:103,(anonymous_10)
FNF:11
FNH:8
FNDA:4,(anonymous_0)
FNDA:1,(anonymous_1)
FNDA:3,(anonymous_2)
FNDA:1,(anonymous_3)
FNDA:1,(anonymous_4)
FNDA:1,(anonymous_5)
FNDA:9,(anonymous_6)
FNDA:0,(anonymous_7)
FNDA:0,(anonymous_8)
FNDA:0,(anonymous_9)
FNDA:18,(anonymous_10)
DA:8,1
DA:9,4
DA:10,4
DA:11,4
DA:13,4
DA:15,4
DA:17,4
DA:18,1
DA:19,1
DA:23,1
DA:25,1
DA:26,3
DA:29,1
DA:30,1
DA:31,1
DA:34,0
DA:38,4
DA:39,1
DA:42,4
DA:44,4
DA:46,4
DA:48,3
DA:61,1
DA:67,1
DA:68,9
DA:70,1
DA:81,0
DA:82,0
DA:84,0
DA:95,0
DA:104,18
LF:31
LH:26
BRDA:29,0,0,1
BRDA:29,0,1,0
BRDA:44,1,0,0
BRDA:44,1,1,4
BRDA:46,2,0,1
BRDA:46,2,1,3
BRDA:102,3,0,2
BRDA:102,3,1,1
BRDA:111,4,0,18
BRDA:111,4,1,0
BRF:10
BRH:7
end_of_record
TN:
SF:src/components/Contact.js
FN:3,(anonymous_0)
FNF:1
FNH:1
FNDA:5,(anonymous_0)
DA:3,1
DA:4,5
LF:2
LH:2
BRF:0
BRH:0
end_of_record
TN:
SF:src/components/Header.js
FN:8,(anonymous_0)
FN:13,(anonymous_1)
FN:47,(anonymous_2)
FNF:3
FNH:3
FNDA:6,(anonymous_0)
FNDA:11,(anonymous_1)
FNDA:1,(anonymous_2)
DA:8,1
DA:9,6
DA:11,6
DA:13,11
DA:16,6
DA:18,6
DA:48,1
LF:7
LH:7
BRDA:27,0,0,6
BRDA:27,0,1,0
BRDA:48,1,0,1
BRDA:48,1,1,0
BRF:4
BRH:2
end_of_record
TN:
SF:src/components/ResturantCard.js
FN:3,(anonymous_0)
FN:34,(anonymous_1)
FN:35,(anonymous_2)
FNF:3
FNH:3
FNDA:19,(anonymous_0)
FNDA:4,(anonymous_1)
FNDA:18,(anonymous_2)
DA:3,2
DA:4,19
DA:8,19
DA:9,19
DA:11,19
DA:34,2
DA:35,4
DA:36,18
LF:8
LH:8
BRF:0
BRH:0
end_of_record
TN:
SF:src/components/Shimmer.js
FN:1,(anonymous_0)
FNF:1
FNH:1
FNDA:1,(anonymous_0)
DA:1,1
DA:2,1
LF:2
LH:2
BRF:0
BRH:0
end_of_record
TN:
SF:src/components/sum.js
FN:1,(anonymous_0)
FNF:1
FNH:1
FNDA:1,(anonymous_0)
DA:1,1
DA:2,1
LF:2
LH:2
BRF:0
BRH:0
end_of_record
TN:
SF:utils/UserContext.js
FNF:0
FNH:0
DA:3,2
LF:1
LH:1
BRF:0
BRH:0
end_of_record
TN:
SF:utils/appStore.js
FNF:0
FNH:0
DA:4,1
LF:1
LH:1
BRF:0
BRH:0
end_of_record
TN:
SF:utils/cartSlice.js
FN:12,(anonymous_0)
FN:17,(anonymous_1)
FN:21,(anonymous_2)
FNF:3
FNH:0
FNDA:0,(anonymous_0)
FNDA:0,(anonymous_1)
FNDA:0,(anonymous_2)
DA:6,1
DA:13,0
DA:18,0
DA:24,0
DA:36,1
LF:5
LH:2
BRF:0
BRH:0
end_of_record
TN:
SF:utils/constants.js
FNF:0
FNH:0
DA:2,3
DA:4,3
DA:8,3
LF:3
LH:3
BRF:0
BRH:0
end_of_record
TN:
SF:utils/useOnlineStatus.js
FN:3,(anonymous_0)
FN:8,(anonymous_1)
FN:9,(anonymous_2)
FN:13,(anonymous_3)
FNF:4
FNH:2
FNDA:10,(anonymous_0)
FNDA:6,(anonymous_1)
FNDA:0,(anonymous_2)
FNDA:0,(anonymous_3)
DA:3,2
DA:4,10
DA:8,10
DA:9,6
DA:10,0
DA:13,6
DA:14,0
DA:20,10
LF:8
LH:6
BRF:0
BRH:0
end_of_record
